  Application5.cpp
\\vmware-host\shared folders\desktop\csci-580---final-master\cppverison_v_m\application5.cpp(91): warning C4305: 'initializing': truncation from 'double' to 'float'
\\vmware-host\shared folders\desktop\csci-580---final-master\cppverison_v_m\application5.cpp(99): warning C4305: 'initializing': truncation from 'double' to 'float'
\\vmware-host\shared folders\desktop\csci-580---final-master\cppverison_v_m\application5.cpp(106): warning C4305: '=': truncation from 'double' to 'float'
\\vmware-host\shared folders\desktop\csci-580---final-master\cppverison_v_m\application5.cpp(107): warning C4305: '=': truncation from 'double' to 'float'
\\vmware-host\shared folders\desktop\csci-580---final-master\cppverison_v_m\application5.cpp(110): warning C4305: '=': truncation from 'double' to 'float'
\\vmware-host\shared folders\desktop\csci-580---final-master\cppverison_v_m\application5.cpp(114): warning C4305: '=': truncation from 'double' to 'float'
\\vmware-host\shared folders\desktop\csci-580---final-master\cppverison_v_m\application5.cpp(123): warning C4305: 'initializing': truncation from 'double' to 'float'
\\vmware-host\shared folders\desktop\csci-580---final-master\cppverison_v_m\application5.cpp(124): warning C4305: 'initializing': truncation from 'double' to 'float'
\\vmware-host\shared folders\desktop\csci-580---final-master\cppverison_v_m\application5.cpp(125): warning C4305: 'initializing': truncation from 'double' to 'float'
\\vmware-host\shared folders\desktop\csci-580---final-master\cppverison_v_m\application5.cpp(129): warning C4305: 'initializing': truncation from 'double' to 'float'
\\vmware-host\shared folders\desktop\csci-580---final-master\cppverison_v_m\application5.cpp(130): warning C4305: 'initializing': truncation from 'double' to 'float'
\\vmware-host\shared folders\desktop\csci-580---final-master\cppverison_v_m\application5.cpp(131): warning C4305: 'initializing': truncation from 'double' to 'float'
\\vmware-host\shared folders\desktop\csci-580---final-master\cppverison_v_m\application5.cpp(54): warning C4101: 'shaderType': unreferenced local variable
\\vmware-host\shared folders\desktop\csci-580---final-master\cppverison_v_m\application5.cpp(48): warning C4101: 'xRes': unreferenced local variable
\\vmware-host\shared folders\desktop\csci-580---final-master\cppverison_v_m\application5.cpp(48): warning C4101: 'yRes': unreferenced local variable
\\vmware-host\shared folders\desktop\csci-580---final-master\cppverison_v_m\application5.cpp(227): warning C4996: 'fopen': This function or variable may be unsafe. Consider using fopen_s instead. To disable deprecation, use _CRT_SECURE_NO_WARNINGS. See online help for details.
  c:\program files (x86)\windows kits\10\include\10.0.10240.0\ucrt\stdio.h(205): note: see declaration of 'fopen'
\\vmware-host\shared folders\desktop\csci-580---final-master\cppverison_v_m\application5.cpp(234): warning C4996: 'fopen': This function or variable may be unsafe. Consider using fopen_s instead. To disable deprecation, use _CRT_SECURE_NO_WARNINGS. See online help for details.
  c:\program files (x86)\windows kits\10\include\10.0.10240.0\ucrt\stdio.h(205): note: see declaration of 'fopen'
\\vmware-host\shared folders\desktop\csci-580---final-master\cppverison_v_m\application5.cpp(244): warning C4996: 'fscanf': This function or variable may be unsafe. Consider using fscanf_s instead. To disable deprecation, use _CRT_SECURE_NO_WARNINGS. See online help for details.
  c:\program files (x86)\windows kits\10\include\10.0.10240.0\ucrt\stdio.h(1193): note: see declaration of 'fscanf'
\\vmware-host\shared folders\desktop\csci-580---final-master\cppverison_v_m\application5.cpp(245): warning C4996: 'fscanf': This function or variable may be unsafe. Consider using fscanf_s instead. To disable deprecation, use _CRT_SECURE_NO_WARNINGS. See online help for details.
  c:\program files (x86)\windows kits\10\include\10.0.10240.0\ucrt\stdio.h(1193): note: see declaration of 'fscanf'
\\vmware-host\shared folders\desktop\csci-580---final-master\cppverison_v_m\application5.cpp(251): warning C4996: 'fscanf': This function or variable may be unsafe. Consider using fscanf_s instead. To disable deprecation, use _CRT_SECURE_NO_WARNINGS. See online help for details.
  c:\program files (x86)\windows kits\10\include\10.0.10240.0\ucrt\stdio.h(1193): note: see declaration of 'fscanf'
\\vmware-host\shared folders\desktop\csci-580---final-master\cppverison_v_m\application5.cpp(257): warning C4996: 'fscanf': This function or variable may be unsafe. Consider using fscanf_s instead. To disable deprecation, use _CRT_SECURE_NO_WARNINGS. See online help for details.
  c:\program files (x86)\windows kits\10\include\10.0.10240.0\ucrt\stdio.h(1193): note: see declaration of 'fscanf'
  CS580HW5.vcxproj -> \\vmware-host\Shared Folders\Desktop\CSCI-580---Final-master\CppVerison_V_M\.\Release\CS580HW5.exe
