  rend.cpp
c:\users\qq234\documents\github\csci-580---final\cpp_shadow\rend.cpp(46): warning C4244: 'return': conversion from 'double' to 'float', possible loss of data
c:\users\qq234\documents\github\csci-580---final\cpp_shadow\rend.cpp(49): warning C4244: 'return': conversion from 'double' to 'float', possible loss of data
c:\users\qq234\documents\github\csci-580---final\cpp_shadow\rend.cpp(61): warning C4244: 'return': conversion from 'double' to 'float', possible loss of data
c:\users\qq234\documents\github\csci-580---final\cpp_shadow\rend.cpp(75): warning C4244: 'argument': conversion from 'double' to 'float', possible loss of data
c:\users\qq234\documents\github\csci-580---final\cpp_shadow\rend.cpp(76): warning C4244: 'argument': conversion from 'double' to 'float', possible loss of data
c:\users\qq234\documents\github\csci-580---final\cpp_shadow\rend.cpp(78): warning C4244: 'argument': conversion from 'double' to 'float', possible loss of data
c:\users\qq234\documents\github\csci-580---final\cpp_shadow\rend.cpp(79): warning C4244: 'argument': conversion from 'double' to 'float', possible loss of data
c:\users\qq234\documents\github\csci-580---final\cpp_shadow\rend.cpp(94): warning C4244: 'argument': conversion from 'double' to 'float', possible loss of data
c:\users\qq234\documents\github\csci-580---final\cpp_shadow\rend.cpp(95): warning C4244: 'argument': conversion from 'double' to 'float', possible loss of data
c:\users\qq234\documents\github\csci-580---final\cpp_shadow\rend.cpp(99): warning C4244: 'argument': conversion from 'double' to 'float', possible loss of data
c:\users\qq234\documents\github\csci-580---final\cpp_shadow\rend.cpp(100): warning C4244: 'argument': conversion from 'double' to 'float', possible loss of data
c:\users\qq234\documents\github\csci-580---final\cpp_shadow\rend.cpp(116): warning C4244: 'argument': conversion from 'double' to 'float', possible loss of data
c:\users\qq234\documents\github\csci-580---final\cpp_shadow\rend.cpp(117): warning C4244: 'argument': conversion from 'double' to 'float', possible loss of data
c:\users\qq234\documents\github\csci-580---final\cpp_shadow\rend.cpp(119): warning C4244: 'argument': conversion from 'double' to 'float', possible loss of data
c:\users\qq234\documents\github\csci-580---final\cpp_shadow\rend.cpp(120): warning C4244: 'argument': conversion from 'double' to 'float', possible loss of data
c:\users\qq234\documents\github\csci-580---final\cpp_shadow\rend.cpp(193): warning C4244: '=': conversion from 'double' to 'float', possible loss of data
c:\users\qq234\documents\github\csci-580---final\cpp_shadow\rend.cpp(218): warning C4305: 'initializing': truncation from 'double' to 'float'
c:\users\qq234\documents\github\csci-580---final\cpp_shadow\rend.cpp(219): warning C4305: 'initializing': truncation from 'double' to 'float'
c:\users\qq234\documents\github\csci-580---final\cpp_shadow\rend.cpp(220): warning C4305: 'initializing': truncation from 'double' to 'float'
c:\users\qq234\documents\github\csci-580---final\cpp_shadow\rend.cpp(331): warning C4305: '=': truncation from 'INT' to 'float'
c:\users\qq234\documents\github\csci-580---final\cpp_shadow\rend.cpp(348): warning C4244: 'argument': conversion from 'double' to 'float', possible loss of data
c:\users\qq234\documents\github\csci-580---final\cpp_shadow\rend.cpp(439): warning C4305: '=': truncation from 'double' to 'float'
c:\users\qq234\documents\github\csci-580---final\cpp_shadow\rend.cpp(440): warning C4305: '=': truncation from 'double' to 'float'
c:\users\qq234\documents\github\csci-580---final\cpp_shadow\rend.cpp(451): warning C4244: 'argument': conversion from 'double' to 'float', possible loss of data
c:\users\qq234\documents\github\csci-580---final\cpp_shadow\rend.cpp(709): warning C4244: 'initializing': conversion from 'double' to 'float', possible loss of data
c:\users\qq234\documents\github\csci-580---final\cpp_shadow\rend.cpp(832): warning C4305: 'initializing': truncation from 'INT' to 'float'
c:\users\qq234\documents\github\csci-580---final\cpp_shadow\rend.cpp(833): warning C4305: 'initializing': truncation from 'INT' to 'float'
c:\users\qq234\documents\github\csci-580---final\cpp_shadow\rend.cpp(836): warning C4244: '=': conversion from 'float' to 'GzDepth', possible loss of data
c:\users\qq234\documents\github\csci-580---final\cpp_shadow\rend.cpp(847): warning C4244: '=': conversion from 'float' to 'GzDepth', possible loss of data
c:\users\qq234\documents\github\csci-580---final\cpp_shadow\rend.cpp(851): warning C4244: '=': conversion from 'double' to 'char', possible loss of data
c:\users\qq234\documents\github\csci-580---final\cpp_shadow\rend.cpp(852): warning C4244: '=': conversion from 'double' to 'char', possible loss of data
c:\users\qq234\documents\github\csci-580---final\cpp_shadow\rend.cpp(853): warning C4244: '=': conversion from 'double' to 'char', possible loss of data
c:\users\qq234\documents\github\csci-580---final\cpp_shadow\rend.cpp(1166): warning C4244: '=': conversion from 'double' to 'float', possible loss of data
c:\users\qq234\documents\github\csci-580---final\cpp_shadow\rend.cpp(1167): warning C4244: '=': conversion from 'double' to 'float', possible loss of data
c:\users\qq234\documents\github\csci-580---final\cpp_shadow\rend.cpp(1169): warning C4244: '=': conversion from 'double' to 'float', possible loss of data
c:\users\qq234\documents\github\csci-580---final\cpp_shadow\rend.cpp(1170): warning C4244: '=': conversion from 'double' to 'float', possible loss of data
c:\users\qq234\documents\github\csci-580---final\cpp_shadow\rend.cpp(1172): warning C4244: '=': conversion from 'double' to 'float', possible loss of data
c:\users\qq234\documents\github\csci-580---final\cpp_shadow\rend.cpp(1173): warning C4244: '=': conversion from 'double' to 'float', possible loss of data
c:\users\qq234\documents\github\csci-580---final\cpp_shadow\rend.cpp(1235): warning C4244: 'initializing': conversion from 'float' to 'int', possible loss of data
c:\users\qq234\documents\github\csci-580---final\cpp_shadow\rend.cpp(1299): warning C4244: 'initializing': conversion from 'float' to 'int', possible loss of data
c:\users\qq234\documents\github\csci-580---final\cpp_shadow\rend.cpp(1318): warning C4244: '*=': conversion from 'double' to 'float', possible loss of data
c:\users\qq234\documents\github\csci-580---final\cpp_shadow\rend.cpp(1319): warning C4244: '*=': conversion from 'double' to 'float', possible loss of data
c:\users\qq234\documents\github\csci-580---final\cpp_shadow\rend.cpp(1361): warning C4244: 'argument': conversion from 'float' to 'GzDepth', possible loss of data
c:\users\qq234\documents\github\csci-580---final\cpp_shadow\rend.cpp(1428): warning C4244: 'initializing': conversion from 'float' to 'int', possible loss of data
c:\users\qq234\documents\github\csci-580---final\cpp_shadow\rend.cpp(1445): warning C4244: '*=': conversion from 'double' to 'float', possible loss of data
c:\users\qq234\documents\github\csci-580---final\cpp_shadow\rend.cpp(1446): warning C4244: '*=': conversion from 'double' to 'float', possible loss of data
c:\users\qq234\documents\github\csci-580---final\cpp_shadow\rend.cpp(1486): warning C4244: 'argument': conversion from 'float' to 'GzDepth', possible loss of data
c:\users\qq234\documents\github\csci-580---final\cpp_shadow\rend.cpp(1528): warning C4244: 'initializing': conversion from 'float' to 'int', possible loss of data
c:\users\qq234\documents\github\csci-580---final\cpp_shadow\rend.cpp(1593): warning C4244: 'initializing': conversion from 'float' to 'int', possible loss of data
c:\users\qq234\documents\github\csci-580---final\cpp_shadow\rend.cpp(1610): warning C4244: '*=': conversion from 'double' to 'float', possible loss of data
c:\users\qq234\documents\github\csci-580---final\cpp_shadow\rend.cpp(1611): warning C4244: '*=': conversion from 'double' to 'float', possible loss of data
c:\users\qq234\documents\github\csci-580---final\cpp_shadow\rend.cpp(1651): warning C4244: 'argument': conversion from 'float' to 'GzDepth', possible loss of data
c:\users\qq234\documents\github\csci-580---final\cpp_shadow\rend.cpp(1691): warning C4244: 'initializing': conversion from 'float' to 'int', possible loss of data
c:\users\qq234\documents\github\csci-580---final\cpp_shadow\rend.cpp(1755): warning C4244: 'initializing': conversion from 'float' to 'int', possible loss of data
c:\users\qq234\documents\github\csci-580---final\cpp_shadow\rend.cpp(1772): warning C4244: '*=': conversion from 'double' to 'float', possible loss of data
c:\users\qq234\documents\github\csci-580---final\cpp_shadow\rend.cpp(1773): warning C4244: '*=': conversion from 'double' to 'float', possible loss of data
c:\users\qq234\documents\github\csci-580---final\cpp_shadow\rend.cpp(1811): warning C4244: 'argument': conversion from 'float' to 'GzDepth', possible loss of data
c:\users\qq234\documents\github\csci-580---final\cpp_shadow\rend.cpp(1163): warning C4101: 'uvVz': unreferenced local variable
c:\users\qq234\documents\github\csci-580---final\cpp_shadow\rend.cpp(1834): warning C4244: '=': conversion from 'float' to 'GzDepth', possible loss of data
c:\users\qq234\documents\github\csci-580---final\cpp_shadow\rend.cpp(1840): warning C4244: '=': conversion from 'GzDepth' to 'float', possible loss of data
c:\users\qq234\documents\github\csci-580---final\cpp_shadow\rend.cpp(2207): warning C4244: 'initializing': conversion from 'float' to 'int', possible loss of data
c:\users\qq234\documents\github\csci-580---final\cpp_shadow\rend.cpp(2209): warning C4244: 'argument': conversion from 'int' to 'float', possible loss of data
c:\users\qq234\documents\github\csci-580---final\cpp_shadow\rend.cpp(2210): warning C4244: 'argument': conversion from 'int' to 'float', possible loss of data
c:\users\qq234\documents\github\csci-580---final\cpp_shadow\rend.cpp(2212): warning C4244: 'argument': conversion from 'int' to 'float', possible loss of data
c:\users\qq234\documents\github\csci-580---final\cpp_shadow\rend.cpp(2213): warning C4244: 'argument': conversion from 'int' to 'float', possible loss of data
c:\users\qq234\documents\github\csci-580---final\cpp_shadow\rend.cpp(2217): warning C4244: '=': conversion from 'double' to 'float', possible loss of data
c:\users\qq234\documents\github\csci-580---final\cpp_shadow\rend.cpp(2221): warning C4244: '=': conversion from 'double' to 'float', possible loss of data
c:\users\qq234\documents\github\csci-580---final\cpp_shadow\rend.cpp(2225): warning C4244: 'initializing': conversion from 'float' to 'int', possible loss of data
c:\users\qq234\documents\github\csci-580---final\cpp_shadow\rend.cpp(2227): warning C4244: 'argument': conversion from 'int' to 'float', possible loss of data
c:\users\qq234\documents\github\csci-580---final\cpp_shadow\rend.cpp(2227): warning C4244: '=': conversion from 'float' to 'GzDepth', possible loss of data
c:\users\qq234\documents\github\csci-580---final\cpp_shadow\rend.cpp(2233): warning C4244: 'argument': conversion from 'GzDepth' to 'float', possible loss of data
c:\users\qq234\documents\github\csci-580---final\cpp_shadow\rend.cpp(2239): warning C4244: 'initializing': conversion from 'float' to 'int', possible loss of data
c:\users\qq234\documents\github\csci-580---final\cpp_shadow\rend.cpp(2240): warning C4244: 'argument': conversion from 'int' to 'float', possible loss of data
c:\users\qq234\documents\github\csci-580---final\cpp_shadow\rend.cpp(2241): warning C4244: 'argument': conversion from 'int' to 'float', possible loss of data
c:\users\qq234\documents\github\csci-580---final\cpp_shadow\rend.cpp(2243): warning C4244: 'argument': conversion from 'int' to 'float', possible loss of data
c:\users\qq234\documents\github\csci-580---final\cpp_shadow\rend.cpp(2244): warning C4244: 'argument': conversion from 'int' to 'float', possible loss of data
c:\users\qq234\documents\github\csci-580---final\cpp_shadow\rend.cpp(2249): warning C4244: '=': conversion from 'double' to 'float', possible loss of data
c:\users\qq234\documents\github\csci-580---final\cpp_shadow\rend.cpp(2253): warning C4244: '=': conversion from 'double' to 'float', possible loss of data
c:\users\qq234\documents\github\csci-580---final\cpp_shadow\rend.cpp(2258): warning C4244: 'initializing': conversion from 'float' to 'int', possible loss of data
c:\users\qq234\documents\github\csci-580---final\cpp_shadow\rend.cpp(2259): warning C4244: 'argument': conversion from 'int' to 'float', possible loss of data
c:\users\qq234\documents\github\csci-580---final\cpp_shadow\rend.cpp(2259): warning C4244: '=': conversion from 'float' to 'GzDepth', possible loss of data
c:\users\qq234\documents\github\csci-580---final\cpp_shadow\rend.cpp(2265): warning C4244: 'argument': conversion from 'GzDepth' to 'float', possible loss of data
c:\users\qq234\documents\github\csci-580---final\cpp_shadow\rend.cpp(2132): warning C4101: 'deltaY': unreferenced local variable
c:\users\qq234\documents\github\csci-580---final\cpp_shadow\rend.cpp(2137): warning C4101: 'z_var2': unreferenced local variable
c:\users\qq234\documents\github\csci-580---final\cpp_shadow\rend.cpp(2140): warning C4101: 'z_pre': unreferenced local variable
c:\users\qq234\documents\github\csci-580---final\cpp_shadow\rend.cpp(2133): warning C4101: 'y': unreferenced local variable
c:\users\qq234\documents\github\csci-580---final\cpp_shadow\rend.cpp(2144): warning C4101: 'N': unreferenced local variable
c:\users\qq234\documents\github\csci-580---final\cpp_shadow\rend.cpp(2133): warning C4101: 'x': unreferenced local variable
c:\users\qq234\documents\github\csci-580---final\cpp_shadow\rend.cpp(2137): warning C4101: 'z_var3': unreferenced local variable
c:\users\qq234\documents\github\csci-580---final\cpp_shadow\rend.cpp(2137): warning C4101: 'z_var': unreferenced local variable
c:\users\qq234\documents\github\csci-580---final\cpp_shadow\rend.cpp(2132): warning C4101: 'deltaX': unreferenced local variable
c:\users\qq234\documents\github\csci-580---final\cpp_shadow\rend.cpp(2137): warning C4101: 'z_var1': unreferenced local variable
c:\users\qq234\documents\github\csci-580---final\cpp_shadow\rend.cpp(2357): warning C4244: '=': conversion from 'double' to 'float', possible loss of data
c:\users\qq234\documents\github\csci-580---final\cpp_shadow\rend.cpp(2370): warning C4244: '=': conversion from 'double' to 'float', possible loss of data
c:\users\qq234\documents\github\csci-580---final\cpp_shadow\rend.cpp(2385): warning C4244: '=': conversion from 'double' to 'float', possible loss of data
c:\users\qq234\documents\github\csci-580---final\cpp_shadow\rend.cpp(2386): warning C4244: '=': conversion from 'double' to 'float', possible loss of data
c:\users\qq234\documents\github\csci-580---final\cpp_shadow\rend.cpp(2387): warning C4244: '=': conversion from 'double' to 'float', possible loss of data
c:\users\qq234\documents\github\csci-580---final\cpp_shadow\rend.cpp(2388): warning C4244: '=': conversion from 'double' to 'float', possible loss of data
c:\users\qq234\documents\github\csci-580---final\cpp_shadow\rend.cpp(2455): warning C4244: '=': conversion from 'double' to 'float', possible loss of data
c:\users\qq234\documents\github\csci-580---final\cpp_shadow\rend.cpp(2456): warning C4244: '=': conversion from 'double' to 'float', possible loss of data
c:\users\qq234\documents\github\csci-580---final\cpp_shadow\rend.cpp(2457): warning C4244: '=': conversion from 'double' to 'float', possible loss of data
c:\users\qq234\documents\github\csci-580---final\cpp_shadow\rend.cpp(2458): warning C4244: '=': conversion from 'double' to 'float', possible loss of data
c:\users\qq234\documents\github\csci-580---final\cpp_shadow\rend.cpp(2491): warning C4244: '=': conversion from 'double' to 'float', possible loss of data
c:\users\qq234\documents\github\csci-580---final\cpp_shadow\rend.cpp(2492): warning C4244: '=': conversion from 'double' to 'float', possible loss of data
c:\users\qq234\documents\github\csci-580---final\cpp_shadow\rend.cpp(2493): warning C4244: '=': conversion from 'double' to 'float', possible loss of data
c:\users\qq234\documents\github\csci-580---final\cpp_shadow\rend.cpp(2494): warning C4244: '=': conversion from 'double' to 'float', possible loss of data
c:\users\qq234\documents\github\csci-580---final\cpp_shadow\rend.cpp(2528): warning C4244: '=': conversion from 'double' to 'float', possible loss of data
c:\users\qq234\documents\github\csci-580---final\cpp_shadow\rend.cpp(2529): warning C4244: '=': conversion from 'double' to 'float', possible loss of data
c:\users\qq234\documents\github\csci-580---final\cpp_shadow\rend.cpp(2530): warning C4244: '=': conversion from 'double' to 'float', possible loss of data
c:\users\qq234\documents\github\csci-580---final\cpp_shadow\rend.cpp(2531): warning C4244: '=': conversion from 'double' to 'float', possible loss of data
c:\users\qq234\documents\github\csci-580---final\cpp_shadow\rend.cpp(2564): warning C4244: '=': conversion from 'double' to 'float', possible loss of data
c:\users\qq234\documents\github\csci-580---final\cpp_shadow\rend.cpp(2565): warning C4244: '=': conversion from 'double' to 'float', possible loss of data
c:\users\qq234\documents\github\csci-580---final\cpp_shadow\rend.cpp(2566): warning C4244: '=': conversion from 'double' to 'float', possible loss of data
c:\users\qq234\documents\github\csci-580---final\cpp_shadow\rend.cpp(2567): warning C4244: '=': conversion from 'double' to 'float', possible loss of data
c:\users\qq234\documents\github\csci-580---final\cpp_shadow\rend.cpp(2312): warning C4101: 'offsetx': unreferenced local variable
c:\users\qq234\documents\github\csci-580---final\cpp_shadow\rend.cpp(2312): warning C4101: 'offsety': unreferenced local variable
c:\users\qq234\documents\github\csci-580---final\cpp_shadow\rend.cpp(2314): warning C4101: 'first_vertix': unreferenced local variable
c:\users\qq234\documents\github\csci-580---final\cpp_shadow\rend.cpp(2602): warning C4101: 'N': unreferenced local variable
c:\users\qq234\documents\github\csci-580---final\cpp_shadow\rend.cpp(2623): warning C4101: 'N': unreferenced local variable
c:\users\qq234\documents\github\csci-580---final\cpp_shadow\rend.cpp(2730): warning C4244: '=': conversion from 'double' to 'float', possible loss of data
c:\users\qq234\documents\github\csci-580---final\cpp_shadow\rend.cpp(2750): warning C4244: 'return': conversion from 'double' to 'float', possible loss of data
c:\users\qq234\documents\github\csci-580---final\cpp_shadow\rend.cpp(2755): warning C4244: 'return': conversion from 'double' to 'float', possible loss of data
  CS580HW5.vcxproj -> C:\Users\qq234\Documents\GitHub\CSCI-580---Final\CPP_shadow\.\Release\CS580HW5.exe
