  rend.cpp
\\vmware-host\shared folders\desktop\cpp_shadow_sub\rend.cpp(66): warning C4244: 'return': conversion from 'double' to 'float', possible loss of data
\\vmware-host\shared folders\desktop\cpp_shadow_sub\rend.cpp(86): warning C4244: 'argument': conversion from 'double' to 'float', possible loss of data
\\vmware-host\shared folders\desktop\cpp_shadow_sub\rend.cpp(87): warning C4244: 'argument': conversion from 'double' to 'float', possible loss of data
\\vmware-host\shared folders\desktop\cpp_shadow_sub\rend.cpp(89): warning C4244: 'argument': conversion from 'double' to 'float', possible loss of data
\\vmware-host\shared folders\desktop\cpp_shadow_sub\rend.cpp(90): warning C4244: 'argument': conversion from 'double' to 'float', possible loss of data
\\vmware-host\shared folders\desktop\cpp_shadow_sub\rend.cpp(110): warning C4244: 'argument': conversion from 'double' to 'float', possible loss of data
\\vmware-host\shared folders\desktop\cpp_shadow_sub\rend.cpp(111): warning C4244: 'argument': conversion from 'double' to 'float', possible loss of data
\\vmware-host\shared folders\desktop\cpp_shadow_sub\rend.cpp(115): warning C4244: 'argument': conversion from 'double' to 'float', possible loss of data
\\vmware-host\shared folders\desktop\cpp_shadow_sub\rend.cpp(116): warning C4244: 'argument': conversion from 'double' to 'float', possible loss of data
\\vmware-host\shared folders\desktop\cpp_shadow_sub\rend.cpp(137): warning C4244: 'argument': conversion from 'double' to 'float', possible loss of data
\\vmware-host\shared folders\desktop\cpp_shadow_sub\rend.cpp(138): warning C4244: 'argument': conversion from 'double' to 'float', possible loss of data
\\vmware-host\shared folders\desktop\cpp_shadow_sub\rend.cpp(140): warning C4244: 'argument': conversion from 'double' to 'float', possible loss of data
\\vmware-host\shared folders\desktop\cpp_shadow_sub\rend.cpp(141): warning C4244: 'argument': conversion from 'double' to 'float', possible loss of data
\\vmware-host\shared folders\desktop\cpp_shadow_sub\rend.cpp(236): warning C4244: '=': conversion from 'double' to 'float', possible loss of data
\\vmware-host\shared folders\desktop\cpp_shadow_sub\rend.cpp(261): warning C4305: 'initializing': truncation from 'double' to 'float'
\\vmware-host\shared folders\desktop\cpp_shadow_sub\rend.cpp(262): warning C4305: 'initializing': truncation from 'double' to 'float'
\\vmware-host\shared folders\desktop\cpp_shadow_sub\rend.cpp(263): warning C4305: 'initializing': truncation from 'double' to 'float'
\\vmware-host\shared folders\desktop\cpp_shadow_sub\rend.cpp(300): warning C4244: 'initializing': conversion from 'double' to 'float', possible loss of data
\\vmware-host\shared folders\desktop\cpp_shadow_sub\rend.cpp(313): warning C4244: 'initializing': conversion from 'double' to 'float', possible loss of data
\\vmware-host\shared folders\desktop\cpp_shadow_sub\rend.cpp(395): warning C4244: 'argument': conversion from 'double' to 'float', possible loss of data
\\vmware-host\shared folders\desktop\cpp_shadow_sub\rend.cpp(407): warning C4244: 'initializing': conversion from 'double' to 'float', possible loss of data
\\vmware-host\shared folders\desktop\cpp_shadow_sub\rend.cpp(420): warning C4244: 'initializing': conversion from 'double' to 'float', possible loss of data
\\vmware-host\shared folders\desktop\cpp_shadow_sub\rend.cpp(479): warning C4244: 'initializing': conversion from 'double' to 'float', possible loss of data
\\vmware-host\shared folders\desktop\cpp_shadow_sub\rend.cpp(497): warning C4244: 'argument': conversion from 'double' to 'float', possible loss of data
\\vmware-host\shared folders\desktop\cpp_shadow_sub\rend.cpp(509): warning C4244: '=': conversion from 'double' to 'float', possible loss of data
\\vmware-host\shared folders\desktop\cpp_shadow_sub\rend.cpp(522): warning C4244: '=': conversion from 'double' to 'float', possible loss of data
\\vmware-host\shared folders\desktop\cpp_shadow_sub\rend.cpp(756): warning C4244: 'initializing': conversion from 'double' to 'float', possible loss of data
\\vmware-host\shared folders\desktop\cpp_shadow_sub\rend.cpp(893): warning C4244: '=': conversion from 'double' to 'char', possible loss of data
\\vmware-host\shared folders\desktop\cpp_shadow_sub\rend.cpp(894): warning C4244: '=': conversion from 'double' to 'char', possible loss of data
\\vmware-host\shared folders\desktop\cpp_shadow_sub\rend.cpp(895): warning C4244: '=': conversion from 'double' to 'char', possible loss of data
\\vmware-host\shared folders\desktop\cpp_shadow_sub\rend.cpp(1168): warning C4244: '=': conversion from 'double' to 'float', possible loss of data
\\vmware-host\shared folders\desktop\cpp_shadow_sub\rend.cpp(1040): warning C4101: 'i': unreferenced local variable
\\vmware-host\shared folders\desktop\cpp_shadow_sub\rend.cpp(1216): warning C4244: 'initializing': conversion from 'double' to 'int', possible loss of data
\\vmware-host\shared folders\desktop\cpp_shadow_sub\rend.cpp(1217): warning C4244: 'initializing': conversion from 'double' to 'int', possible loss of data
\\vmware-host\shared folders\desktop\cpp_shadow_sub\rend.cpp(1232): warning C4244: '=': conversion from 'int' to 'float', possible loss of data
\\vmware-host\shared folders\desktop\cpp_shadow_sub\rend.cpp(1233): warning C4244: '=': conversion from 'int' to 'float', possible loss of data
\\vmware-host\shared folders\desktop\cpp_shadow_sub\rend.cpp(1237): warning C4244: 'argument': conversion from 'float' to 'int', possible loss of data
\\vmware-host\shared folders\desktop\cpp_shadow_sub\rend.cpp(1466): warning C4244: '=': conversion from 'double' to 'float', possible loss of data
\\vmware-host\shared folders\desktop\cpp_shadow_sub\rend.cpp(1467): warning C4244: '=': conversion from 'double' to 'float', possible loss of data
\\vmware-host\shared folders\desktop\cpp_shadow_sub\rend.cpp(1469): warning C4244: '=': conversion from 'double' to 'float', possible loss of data
\\vmware-host\shared folders\desktop\cpp_shadow_sub\rend.cpp(1470): warning C4244: '=': conversion from 'double' to 'float', possible loss of data
\\vmware-host\shared folders\desktop\cpp_shadow_sub\rend.cpp(1472): warning C4244: '=': conversion from 'double' to 'float', possible loss of data
\\vmware-host\shared folders\desktop\cpp_shadow_sub\rend.cpp(1473): warning C4244: '=': conversion from 'double' to 'float', possible loss of data
\\vmware-host\shared folders\desktop\cpp_shadow_sub\rend.cpp(1535): warning C4244: 'initializing': conversion from 'double' to 'int', possible loss of data
\\vmware-host\shared folders\desktop\cpp_shadow_sub\rend.cpp(1599): warning C4244: 'initializing': conversion from 'double' to 'int', possible loss of data
\\vmware-host\shared folders\desktop\cpp_shadow_sub\rend.cpp(1618): warning C4244: '*=': conversion from 'double' to 'float', possible loss of data
\\vmware-host\shared folders\desktop\cpp_shadow_sub\rend.cpp(1619): warning C4244: '*=': conversion from 'double' to 'float', possible loss of data
\\vmware-host\shared folders\desktop\cpp_shadow_sub\rend.cpp(1626): warning C4838: conversion from 'int' to 'float' requires a narrowing conversion
\\vmware-host\shared folders\desktop\cpp_shadow_sub\rend.cpp(1626): warning C4244: 'initializing': conversion from 'int' to 'float', possible loss of data
\\vmware-host\shared folders\desktop\cpp_shadow_sub\rend.cpp(1733): warning C4244: 'initializing': conversion from 'double' to 'int', possible loss of data
\\vmware-host\shared folders\desktop\cpp_shadow_sub\rend.cpp(1750): warning C4244: '*=': conversion from 'double' to 'float', possible loss of data
\\vmware-host\shared folders\desktop\cpp_shadow_sub\rend.cpp(1751): warning C4244: '*=': conversion from 'double' to 'float', possible loss of data
\\vmware-host\shared folders\desktop\cpp_shadow_sub\rend.cpp(1757): warning C4838: conversion from 'int' to 'float' requires a narrowing conversion
\\vmware-host\shared folders\desktop\cpp_shadow_sub\rend.cpp(1757): warning C4244: 'initializing': conversion from 'int' to 'float', possible loss of data
\\vmware-host\shared folders\desktop\cpp_shadow_sub\rend.cpp(1840): warning C4244: 'initializing': conversion from 'double' to 'int', possible loss of data
\\vmware-host\shared folders\desktop\cpp_shadow_sub\rend.cpp(1905): warning C4244: 'initializing': conversion from 'double' to 'int', possible loss of data
\\vmware-host\shared folders\desktop\cpp_shadow_sub\rend.cpp(1922): warning C4244: '*=': conversion from 'double' to 'float', possible loss of data
\\vmware-host\shared folders\desktop\cpp_shadow_sub\rend.cpp(1923): warning C4244: '*=': conversion from 'double' to 'float', possible loss of data
\\vmware-host\shared folders\desktop\cpp_shadow_sub\rend.cpp(1929): warning C4838: conversion from 'int' to 'float' requires a narrowing conversion
\\vmware-host\shared folders\desktop\cpp_shadow_sub\rend.cpp(1929): warning C4244: 'initializing': conversion from 'int' to 'float', possible loss of data
\\vmware-host\shared folders\desktop\cpp_shadow_sub\rend.cpp(2010): warning C4244: 'initializing': conversion from 'double' to 'int', possible loss of data
\\vmware-host\shared folders\desktop\cpp_shadow_sub\rend.cpp(2074): warning C4244: 'initializing': conversion from 'double' to 'int', possible loss of data
\\vmware-host\shared folders\desktop\cpp_shadow_sub\rend.cpp(2091): warning C4244: '*=': conversion from 'double' to 'float', possible loss of data
\\vmware-host\shared folders\desktop\cpp_shadow_sub\rend.cpp(2092): warning C4244: '*=': conversion from 'double' to 'float', possible loss of data
\\vmware-host\shared folders\desktop\cpp_shadow_sub\rend.cpp(2098): warning C4838: conversion from 'int' to 'float' requires a narrowing conversion
\\vmware-host\shared folders\desktop\cpp_shadow_sub\rend.cpp(2098): warning C4244: 'initializing': conversion from 'int' to 'float', possible loss of data
\\vmware-host\shared folders\desktop\cpp_shadow_sub\rend.cpp(1463): warning C4101: 'uvVz': unreferenced local variable
\\vmware-host\shared folders\desktop\cpp_shadow_sub\rend.cpp(2315): warning C4244: 'initializing': conversion from 'double' to 'int', possible loss of data
\\vmware-host\shared folders\desktop\cpp_shadow_sub\rend.cpp(2333): warning C4244: 'initializing': conversion from 'double' to 'int', possible loss of data
\\vmware-host\shared folders\desktop\cpp_shadow_sub\rend.cpp(2363): warning C4244: 'initializing': conversion from 'double' to 'int', possible loss of data
\\vmware-host\shared folders\desktop\cpp_shadow_sub\rend.cpp(2389): warning C4244: 'initializing': conversion from 'double' to 'int', possible loss of data
\\vmware-host\shared folders\desktop\cpp_shadow_sub\rend.cpp(2406): warning C4244: 'initializing': conversion from 'double' to 'int', possible loss of data
\\vmware-host\shared folders\desktop\cpp_shadow_sub\rend.cpp(2431): warning C4244: 'initializing': conversion from 'double' to 'int', possible loss of data
\\vmware-host\shared folders\desktop\cpp_shadow_sub\rend.cpp(2451): warning C4244: 'initializing': conversion from 'double' to 'int', possible loss of data
\\vmware-host\shared folders\desktop\cpp_shadow_sub\rend.cpp(2477): warning C4244: '=': conversion from 'double' to 'float', possible loss of data
\\vmware-host\shared folders\desktop\cpp_shadow_sub\rend.cpp(2481): warning C4244: '=': conversion from 'double' to 'float', possible loss of data
\\vmware-host\shared folders\desktop\cpp_shadow_sub\rend.cpp(2482): warning C4244: '=': conversion from 'double' to 'float', possible loss of data
\\vmware-host\shared folders\desktop\cpp_shadow_sub\rend.cpp(2484): warning C4244: '=': conversion from 'double' to 'float', possible loss of data
\\vmware-host\shared folders\desktop\cpp_shadow_sub\rend.cpp(2485): warning C4244: '=': conversion from 'double' to 'float', possible loss of data
\\vmware-host\shared folders\desktop\cpp_shadow_sub\rend.cpp(2487): warning C4244: '=': conversion from 'double' to 'float', possible loss of data
\\vmware-host\shared folders\desktop\cpp_shadow_sub\rend.cpp(2488): warning C4244: '=': conversion from 'double' to 'float', possible loss of data
\\vmware-host\shared folders\desktop\cpp_shadow_sub\rend.cpp(2554): warning C4244: '=': conversion from 'double' to 'float', possible loss of data
\\vmware-host\shared folders\desktop\cpp_shadow_sub\rend.cpp(2567): warning C4244: '=': conversion from 'double' to 'float', possible loss of data
\\vmware-host\shared folders\desktop\cpp_shadow_sub\rend.cpp(2582): warning C4244: '=': conversion from 'double' to 'float', possible loss of data
\\vmware-host\shared folders\desktop\cpp_shadow_sub\rend.cpp(2583): warning C4244: '=': conversion from 'double' to 'float', possible loss of data
\\vmware-host\shared folders\desktop\cpp_shadow_sub\rend.cpp(2584): warning C4244: '=': conversion from 'double' to 'float', possible loss of data
\\vmware-host\shared folders\desktop\cpp_shadow_sub\rend.cpp(2585): warning C4244: '=': conversion from 'double' to 'float', possible loss of data
\\vmware-host\shared folders\desktop\cpp_shadow_sub\rend.cpp(2509): warning C4101: 'offsetx': unreferenced local variable
\\vmware-host\shared folders\desktop\cpp_shadow_sub\rend.cpp(2509): warning C4101: 'offsety': unreferenced local variable
\\vmware-host\shared folders\desktop\cpp_shadow_sub\rend.cpp(2511): warning C4101: 'first_vertix': unreferenced local variable
\\vmware-host\shared folders\desktop\cpp_shadow_sub\rend.cpp(2655): warning C4101: 'N': unreferenced local variable
\\vmware-host\shared folders\desktop\cpp_shadow_sub\rend.cpp(2676): warning C4101: 'N': unreferenced local variable
\\vmware-host\shared folders\desktop\cpp_shadow_sub\rend.cpp(2783): warning C4244: '=': conversion from 'double' to 'float', possible loss of data
\\vmware-host\shared folders\desktop\cpp_shadow_sub\rend.cpp(2803): warning C4244: 'return': conversion from 'double' to 'float', possible loss of data
\\vmware-host\shared folders\desktop\cpp_shadow_sub\rend.cpp(2808): warning C4244: 'return': conversion from 'double' to 'float', possible loss of data
\\vmware-host\shared folders\desktop\cpp_shadow_sub\rend.cpp(2877): warning C4244: 'initializing': conversion from 'double' to 'float', possible loss of data
\\vmware-host\shared folders\desktop\cpp_shadow_sub\rend.cpp(2893): warning C4244: '+=': conversion from 'double' to 'float', possible loss of data
  CS580HW5.vcxproj -> \\vmware-host\Shared Folders\Desktop\CPP_shadow_sub\.\Release\CS580HW5.exe
